# JRE version: OpenJDK Runtime Environment (21.0.6) (build 21.0.6+-13368085-b895.109)
# Java VM: OpenJDK 64-Bit Server VM (21.0.6+-13368085-b895.109, mixed mode, tiered, compressed oops, compressed class ptrs, g1 gc, windows-amd64)
GC Precious Log:
 CardTable entry size: 512
 Card Set container configuration: InlinePtr #cards 5 size 8 Array Of Cards #cards 12 size 40 Howl #buckets 4 coarsen threshold 1843 Howl Bitmap #cards 512 size 80 coarsen threshold 460 Card regions per heap region 1 cards per card region 2048
 CPUs: 6 total, 6 available
 Memory: 16208M
 Large Page Support: Disabled
 NUMA Support: Disabled
 Compressed Oops: Enabled (32-bit)
 Heap Region Size: 1M
 Heap Min Capacity: 8M
 Heap Initial Capacity: 254M
 Heap Max Capacity: 2G
 Pre-touch: Disabled
 Parallel Workers: 6
 Concurrent Workers: 2
 Concurrent Refinement Workers: 6
 Periodic GC: Disabled
Heap:
 garbage-first heap   total 227328K, used 174900K [0x0000000080000000, 0x0000000100000000)
  region size 1024K, 50 young (51200K), 11 survivors (11264K)
 Metaspace       used 129681K, committed 131968K, reserved 1179648K
  class space    used 17604K, committed 18752K, reserved 1048576K
GC Heap History (20 events):
Event: 11.766 GC heap before
{Heap before GC invocations=38 (full 0):
 garbage-first heap   total 160768K, used 147644K [0x0000000080000000, 0x0000000100000000)
  region size 1024K, 55 young (56320K), 3 survivors (3072K)
 Metaspace       used 101782K, committed 103872K, reserved 1179648K
  class space    used 13800K, committed 14848K, reserved 1048576K
}
Event: 11.769 GC heap after
{Heap after GC invocations=39 (full 0):
 garbage-first heap   total 160768K, used 95490K [0x0000000080000000, 0x0000000100000000)
  region size 1024K, 6 young (6144K), 6 survivors (6144K)
 Metaspace       used 101782K, committed 103872K, reserved 1179648K
  class space    used 13800K, committed 14848K, reserved 1048576K
}
Event: 12.235 GC heap before
{Heap before GC invocations=39 (full 0):
 garbage-first heap   total 160768K, used 144642K [0x0000000080000000, 0x0000000100000000)
  region size 1024K, 54 young (55296K), 6 survivors (6144K)
 Metaspace       used 105811K, committed 107904K, reserved 1179648K
  class space    used 14386K, committed 15424K, reserved 1048576K
}
Event: 12.240 GC heap after
{Heap after GC invocations=40 (full 0):
 garbage-first heap   total 160768K, used 98096K [0x0000000080000000, 0x0000000100000000)
  region size 1024K, 7 young (7168K), 7 survivors (7168K)
 Metaspace       used 105811K, committed 107904K, reserved 1179648K
  class space    used 14386K, committed 15424K, reserved 1048576K
}
Event: 12.706 GC heap before
{Heap before GC invocations=41 (full 0):
 garbage-first heap   total 165888K, used 143152K [0x0000000080000000, 0x0000000100000000)
  region size 1024K, 51 young (52224K), 7 survivors (7168K)
 Metaspace       used 109708K, committed 111872K, reserved 1179648K
  class space    used 14956K, committed 16064K, reserved 1048576K
}
Event: 12.712 GC heap after
{Heap after GC invocations=42 (full 0):
 garbage-first heap   total 165888K, used 100438K [0x0000000080000000, 0x0000000100000000)
  region size 1024K, 6 young (6144K), 6 survivors (6144K)
 Metaspace       used 109708K, committed 111872K, reserved 1179648K
  class space    used 14956K, committed 16064K, reserved 1048576K
}
Event: 13.129 GC heap before
{Heap before GC invocations=42 (full 0):
 garbage-first heap   total 165888K, used 153686K [0x0000000080000000, 0x0000000100000000)
  region size 1024K, 54 young (55296K), 6 survivors (6144K)
 Metaspace       used 113446K, committed 115584K, reserved 1179648K
  class space    used 15281K, committed 16384K, reserved 1048576K
}
Event: 13.136 GC heap after
{Heap after GC invocations=43 (full 0):
 garbage-first heap   total 168960K, used 105250K [0x0000000080000000, 0x0000000100000000)
  region size 1024K, 7 young (7168K), 7 survivors (7168K)
 Metaspace       used 113446K, committed 115584K, reserved 1179648K
  class space    used 15281K, committed 16384K, reserved 1048576K
}
Event: 13.619 GC heap before
{Heap before GC invocations=43 (full 0):
 garbage-first heap   total 168960K, used 151330K [0x0000000080000000, 0x0000000100000000)
  region size 1024K, 53 young (54272K), 7 survivors (7168K)
 Metaspace       used 115807K, committed 117952K, reserved 1179648K
  class space    used 15616K, committed 16704K, reserved 1048576K
}
Event: 13.628 GC heap after
{Heap after GC invocations=44 (full 0):
 garbage-first heap   total 168960K, used 112950K [0x0000000080000000, 0x0000000100000000)
  region size 1024K, 7 young (7168K), 7 survivors (7168K)
 Metaspace       used 115807K, committed 117952K, reserved 1179648K
  class space    used 15616K, committed 16704K, reserved 1048576K
}
Event: 13.927 GC heap before
{Heap before GC invocations=45 (full 0):
 garbage-first heap   total 189440K, used 149814K [0x0000000080000000, 0x0000000100000000)
  region size 1024K, 44 young (45056K), 7 survivors (7168K)
 Metaspace       used 116291K, committed 118528K, reserved 1179648K
  class space    used 15715K, committed 16832K, reserved 1048576K
}
Event: 13.933 GC heap after
{Heap after GC invocations=46 (full 0):
 garbage-first heap   total 189440K, used 116588K [0x0000000080000000, 0x0000000100000000)
  region size 1024K, 5 young (5120K), 5 survivors (5120K)
 Metaspace       used 116291K, committed 118528K, reserved 1179648K
  class space    used 15715K, committed 16832K, reserved 1048576K
}
Event: 14.211 GC heap before
{Heap before GC invocations=46 (full 0):
 garbage-first heap   total 189440K, used 171884K [0x0000000080000000, 0x0000000100000000)
  region size 1024K, 60 young (61440K), 5 survivors (5120K)
 Metaspace       used 116667K, committed 118912K, reserved 1179648K
  class space    used 15757K, committed 16896K, reserved 1048576K
}
Event: 14.216 GC heap after
{Heap after GC invocations=47 (full 0):
 garbage-first heap   total 189440K, used 118371K [0x0000000080000000, 0x0000000100000000)
  region size 1024K, 8 young (8192K), 8 survivors (8192K)
 Metaspace       used 116667K, committed 118912K, reserved 1179648K
  class space    used 15757K, committed 16896K, reserved 1048576K
}
Event: 14.651 GC heap before
{Heap before GC invocations=47 (full 0):
 garbage-first heap   total 189440K, used 168547K [0x0000000080000000, 0x0000000100000000)
  region size 1024K, 58 young (59392K), 8 survivors (8192K)
 Metaspace       used 120044K, committed 122240K, reserved 1179648K
  class space    used 16187K, committed 17280K, reserved 1048576K
}
Event: 14.657 GC heap after
{Heap after GC invocations=48 (full 0):
 garbage-first heap   total 227328K, used 122567K [0x0000000080000000, 0x0000000100000000)
  region size 1024K, 6 young (6144K), 6 survivors (6144K)
 Metaspace       used 120044K, committed 122240K, reserved 1179648K
  class space    used 16187K, committed 17280K, reserved 1048576K
}
Event: 16.952 GC heap before
{Heap before GC invocations=49 (full 0):
 garbage-first heap   total 227328K, used 202439K [0x0000000080000000, 0x0000000100000000)
  region size 1024K, 85 young (87040K), 6 survivors (6144K)
 Metaspace       used 123104K, committed 125440K, reserved 1179648K
  class space    used 16653K, committed 17856K, reserved 1048576K
}
Event: 16.957 GC heap after
{Heap after GC invocations=50 (full 0):
 garbage-first heap   total 227328K, used 127963K [0x0000000080000000, 0x0000000100000000)
  region size 1024K, 11 young (11264K), 11 survivors (11264K)
 Metaspace       used 123104K, committed 125440K, reserved 1179648K
  class space    used 16653K, committed 17856K, reserved 1048576K
}
Event: 17.511 GC heap before
{Heap before GC invocations=50 (full 0):
 garbage-first heap   total 227328K, used 201691K [0x0000000080000000, 0x0000000100000000)
  region size 1024K, 84 young (86016K), 11 survivors (11264K)
 Metaspace       used 127102K, committed 129408K, reserved 1179648K
  class space    used 17212K, committed 18368K, reserved 1048576K
}
Event: 17.523 GC heap after
{Heap after GC invocations=51 (full 0):
 garbage-first heap   total 227328K, used 137012K [0x0000000080000000, 0x0000000100000000)
  region size 1024K, 11 young (11264K), 11 survivors (11264K)
 Metaspace       used 127102K, committed 129408K, reserved 1179648K
  class space    used 17212K, committed 18368K, reserved 1048576K
}

