# JRE version: OpenJDK Runtime Environment (21.0.6) (build 21.0.6+-13368085-b895.109)
# Java VM: OpenJDK 64-Bit Server VM (21.0.6+-13368085-b895.109, mixed mode, tiered, compressed oops, compressed class ptrs, g1 gc, windows-amd64)
GC Precious Log:
 CardTable entry size: 512
 Card Set container configuration: InlinePtr #cards 5 size 8 Array Of Cards #cards 12 size 40 Howl #buckets 4 coarsen threshold 1843 Howl Bitmap #cards 512 size 80 coarsen threshold 460 Card regions per heap region 1 cards per card region 2048
 CPUs: 6 total, 6 available
 Memory: 16208M
 Large Page Support: Disabled
 NUMA Support: Disabled
 Compressed Oops: Enabled (32-bit)
 Heap Region Size: 1M
 Heap Min Capacity: 8M
 Heap Initial Capacity: 254M
 Heap Max Capacity: 2G
 Pre-touch: Disabled
 Parallel Workers: 6
 Concurrent Workers: 2
 Concurrent Refinement Workers: 6
 Periodic GC: Disabled
Heap:
 garbage-first heap   total 210944K, used 174033K [0x0000000080000000, 0x0000000100000000)
  region size 1024K, 7 young (7168K), 6 survivors (6144K)
 Metaspace       used 139967K, committed 142336K, reserved 1179648K
  class space    used 19430K, committed 20608K, reserved 1048576K
GC Heap History (20 events):
Event: 11.193 GC heap before
{Heap before GC invocations=40 (full 0):
 garbage-first heap   total 160768K, used 145643K [0x0000000080000000, 0x0000000100000000)
  region size 1024K, 53 young (54272K), 5 survivors (5120K)
 Metaspace       used 105491K, committed 107648K, reserved 1179648K
  class space    used 14380K, committed 15488K, reserved 1048576K
}
Event: 11.199 GC heap after
{Heap after GC invocations=41 (full 0):
 garbage-first heap   total 160768K, used 97072K [0x0000000080000000, 0x0000000100000000)
  region size 1024K, 6 young (6144K), 6 survivors (6144K)
 Metaspace       used 105491K, committed 107648K, reserved 1179648K
  class space    used 14380K, committed 15488K, reserved 1048576K
}
Event: 11.650 GC heap before
{Heap before GC invocations=41 (full 0):
 garbage-first heap   total 160768K, used 144176K [0x0000000080000000, 0x0000000100000000)
  region size 1024K, 52 young (53248K), 6 survivors (6144K)
 Metaspace       used 109889K, committed 112064K, reserved 1179648K
  class space    used 14980K, committed 16064K, reserved 1048576K
}
Event: 11.655 GC heap after
{Heap after GC invocations=42 (full 0):
 garbage-first heap   total 160768K, used 100292K [0x0000000080000000, 0x0000000100000000)
  region size 1024K, 6 young (6144K), 6 survivors (6144K)
 Metaspace       used 109889K, committed 112064K, reserved 1179648K
  class space    used 14980K, committed 16064K, reserved 1048576K
}
Event: 12.033 GC heap before
{Heap before GC invocations=43 (full 0):
 garbage-first heap   total 168960K, used 143300K [0x0000000080000000, 0x0000000100000000)
  region size 1024K, 49 young (50176K), 6 survivors (6144K)
 Metaspace       used 112491K, committed 114624K, reserved 1179648K
  class space    used 15256K, committed 16320K, reserved 1048576K
}
Event: 12.039 GC heap after
{Heap after GC invocations=44 (full 0):
 garbage-first heap   total 168960K, used 105953K [0x0000000080000000, 0x0000000100000000)
  region size 1024K, 7 young (7168K), 7 survivors (7168K)
 Metaspace       used 112491K, committed 114624K, reserved 1179648K
  class space    used 15256K, committed 16320K, reserved 1048576K
}
Event: 12.604 GC heap before
{Heap before GC invocations=44 (full 0):
 garbage-first heap   total 168960K, used 156129K [0x0000000080000000, 0x0000000100000000)
  region size 1024K, 52 young (53248K), 7 survivors (7168K)
 Metaspace       used 115858K, committed 118080K, reserved 1179648K
  class space    used 15621K, committed 16704K, reserved 1048576K
}
Event: 12.614 GC heap after
{Heap after GC invocations=45 (full 0):
 garbage-first heap   total 210944K, used 112377K [0x0000000080000000, 0x0000000100000000)
  region size 1024K, 7 young (7168K), 7 survivors (7168K)
 Metaspace       used 115858K, committed 118080K, reserved 1179648K
  class space    used 15621K, committed 16704K, reserved 1048576K
}
Event: 13.030 GC heap before
{Heap before GC invocations=45 (full 0):
 garbage-first heap   total 210944K, used 184057K [0x0000000080000000, 0x0000000100000000)
  region size 1024K, 78 young (79872K), 7 survivors (7168K)
 Metaspace       used 116468K, committed 118656K, reserved 1179648K
  class space    used 15731K, committed 16832K, reserved 1048576K
}
Event: 13.036 GC heap after
{Heap after GC invocations=46 (full 0):
 garbage-first heap   total 210944K, used 117760K [0x0000000080000000, 0x0000000100000000)
  region size 1024K, 6 young (6144K), 6 survivors (6144K)
 Metaspace       used 116468K, committed 118656K, reserved 1179648K
  class space    used 15731K, committed 16832K, reserved 1048576K
}
Event: 13.406 GC heap before
{Heap before GC invocations=46 (full 0):
 garbage-first heap   total 210944K, used 190464K [0x0000000080000000, 0x0000000100000000)
  region size 1024K, 78 young (79872K), 6 survivors (6144K)
 Metaspace       used 116871K, committed 119040K, reserved 1179648K
  class space    used 15773K, committed 16832K, reserved 1048576K
}
Event: 13.411 GC heap after
{Heap after GC invocations=47 (full 0):
 garbage-first heap   total 210944K, used 122212K [0x0000000080000000, 0x0000000100000000)
  region size 1024K, 7 young (7168K), 7 survivors (7168K)
 Metaspace       used 116871K, committed 119040K, reserved 1179648K
  class space    used 15773K, committed 16832K, reserved 1048576K
}
Event: 14.303 GC heap before
{Heap before GC invocations=47 (full 0):
 garbage-first heap   total 210944K, used 190820K [0x0000000080000000, 0x0000000100000000)
  region size 1024K, 75 young (76800K), 7 survivors (7168K)
 Metaspace       used 124317K, committed 126528K, reserved 1179648K
  class space    used 16973K, committed 18048K, reserved 1048576K
}
Event: 14.308 GC heap after
{Heap after GC invocations=48 (full 0):
 garbage-first heap   total 210944K, used 125513K [0x0000000080000000, 0x0000000100000000)
  region size 1024K, 5 young (5120K), 5 survivors (5120K)
 Metaspace       used 124317K, committed 126528K, reserved 1179648K
  class space    used 16973K, committed 18048K, reserved 1048576K
}
Event: 14.832 GC heap before
{Heap before GC invocations=49 (full 0):
 garbage-first heap   total 210944K, used 193097K [0x0000000080000000, 0x0000000100000000)
  region size 1024K, 72 young (73728K), 5 survivors (5120K)
 Metaspace       used 133360K, committed 135616K, reserved 1179648K
  class space    used 18429K, committed 19584K, reserved 1048576K
}
Event: 14.838 GC heap after
{Heap after GC invocations=50 (full 0):
 garbage-first heap   total 210944K, used 127283K [0x0000000080000000, 0x0000000100000000)
  region size 1024K, 7 young (7168K), 7 survivors (7168K)
 Metaspace       used 133360K, committed 135616K, reserved 1179648K
  class space    used 18429K, committed 19584K, reserved 1048576K
}
Event: 15.372 GC heap before
{Heap before GC invocations=50 (full 0):
 garbage-first heap   total 210944K, used 190771K [0x0000000080000000, 0x0000000100000000)
  region size 1024K, 70 young (71680K), 7 survivors (7168K)
 Metaspace       used 137908K, committed 140224K, reserved 1179648K
  class space    used 19169K, committed 20352K, reserved 1048576K
}
Event: 15.380 GC heap after
{Heap after GC invocations=51 (full 0):
 garbage-first heap   total 210944K, used 124627K [0x0000000080000000, 0x0000000100000000)
  region size 1024K, 4 young (4096K), 4 survivors (4096K)
 Metaspace       used 137908K, committed 140224K, reserved 1179648K
  class space    used 19169K, committed 20352K, reserved 1048576K
}
Event: 15.823 GC heap before
{Heap before GC invocations=51 (full 0):
 garbage-first heap   total 210944K, used 148179K [0x0000000080000000, 0x0000000100000000)
  region size 1024K, 29 young (29696K), 4 survivors (4096K)
 Metaspace       used 139968K, committed 142336K, reserved 1179648K
  class space    used 19431K, committed 20608K, reserved 1048576K
}
Event: 15.828 GC heap after
{Heap after GC invocations=52 (full 0):
 garbage-first heap   total 210944K, used 126929K [0x0000000080000000, 0x0000000100000000)
  region size 1024K, 6 young (6144K), 6 survivors (6144K)
 Metaspace       used 139968K, committed 142336K, reserved 1179648K
  class space    used 19431K, committed 20608K, reserved 1048576K
}

