# JRE version: OpenJDK Runtime Environment (21.0.6) (build 21.0.6+-13368085-b895.109)
# Java VM: OpenJDK 64-Bit Server VM (21.0.6+-13368085-b895.109, mixed mode, tiered, compressed oops, compressed class ptrs, g1 gc, windows-amd64)
GC Precious Log:
 CardTable entry size: 512
 Card Set container configuration: InlinePtr #cards 5 size 8 Array Of Cards #cards 12 size 40 Howl #buckets 4 coarsen threshold 1843 Howl Bitmap #cards 512 size 80 coarsen threshold 460 Card regions per heap region 1 cards per card region 2048
 CPUs: 6 total, 6 available
 Memory: 16208M
 Large Page Support: Disabled
 NUMA Support: Disabled
 Compressed Oops: Enabled (32-bit)
 Heap Region Size: 1M
 Heap Min Capacity: 8M
 Heap Initial Capacity: 254M
 Heap Max Capacity: 2G
 Pre-touch: Disabled
 Parallel Workers: 6
 Concurrent Workers: 2
 Concurrent Refinement Workers: 6
 Periodic GC: Disabled
Heap:
 garbage-first heap   total 303104K, used 226390K [0x0000000080000000, 0x0000000100000000)
  region size 1024K, 84 young (86016K), 2 survivors (2048K)
 Metaspace       used 153213K, committed 155648K, reserved 1245184K
  class space    used 20515K, committed 21760K, reserved 1048576K
GC Heap History (20 events):
Event: 27.954 GC heap before
{Heap before GC invocations=49 (full 0):
 garbage-first heap   total 194560K, used 174274K [0x0000000080000000, 0x0000000100000000)
  region size 1024K, 61 young (62464K), 8 survivors (8192K)
 Metaspace       used 121393K, committed 123648K, reserved 1179648K
  class space    used 16402K, committed 17536K, reserved 1048576K
}
Event: 27.961 GC heap after
{Heap after GC invocations=50 (full 0):
 garbage-first heap   total 194560K, used 124143K [0x0000000080000000, 0x0000000100000000)
  region size 1024K, 5 young (5120K), 5 survivors (5120K)
 Metaspace       used 121393K, committed 123648K, reserved 1179648K
  class space    used 16402K, committed 17536K, reserved 1048576K
}
Event: 28.845 GC heap before
{Heap before GC invocations=50 (full 0):
 garbage-first heap   total 194560K, used 177391K [0x0000000080000000, 0x0000000100000000)
  region size 1024K, 58 young (59392K), 5 survivors (5120K)
 Metaspace       used 126791K, committed 129088K, reserved 1179648K
  class space    used 17177K, committed 18304K, reserved 1048576K
}
Event: 28.850 GC heap after
{Heap after GC invocations=51 (full 0):
 garbage-first heap   total 194560K, used 126410K [0x0000000080000000, 0x0000000100000000)
  region size 1024K, 3 young (3072K), 3 survivors (3072K)
 Metaspace       used 126791K, committed 129088K, reserved 1179648K
  class space    used 17177K, committed 18304K, reserved 1048576K
}
Event: 29.489 GC heap before
{Heap before GC invocations=52 (full 0):
 garbage-first heap   total 211968K, used 178634K [0x0000000080000000, 0x0000000100000000)
  region size 1024K, 55 young (56320K), 3 survivors (3072K)
 Metaspace       used 134435K, committed 136832K, reserved 1179648K
  class space    used 18389K, committed 19584K, reserved 1048576K
}
Event: 29.493 GC heap after
{Heap after GC invocations=53 (full 0):
 garbage-first heap   total 211968K, used 127784K [0x0000000080000000, 0x0000000100000000)
  region size 1024K, 5 young (5120K), 5 survivors (5120K)
 Metaspace       used 134435K, committed 136832K, reserved 1179648K
  class space    used 18389K, committed 19584K, reserved 1048576K
}
Event: 30.389 GC heap before
{Heap before GC invocations=53 (full 0):
 garbage-first heap   total 211968K, used 193320K [0x0000000080000000, 0x0000000100000000)
  region size 1024K, 70 young (71680K), 5 survivors (5120K)
 Metaspace       used 140787K, committed 143168K, reserved 1179648K
  class space    used 19381K, committed 20544K, reserved 1048576K
}
Event: 30.395 GC heap after
{Heap after GC invocations=54 (full 0):
 garbage-first heap   total 211968K, used 129064K [0x0000000080000000, 0x0000000100000000)
  region size 1024K, 7 young (7168K), 7 survivors (7168K)
 Metaspace       used 140787K, committed 143168K, reserved 1179648K
  class space    used 19381K, committed 20544K, reserved 1048576K
}
Event: 30.595 GC heap before
{Heap before GC invocations=54 (full 0):
 garbage-first heap   total 211968K, used 136232K [0x0000000080000000, 0x0000000100000000)
  region size 1024K, 16 young (16384K), 7 survivors (7168K)
 Metaspace       used 141959K, committed 144320K, reserved 1179648K
  class space    used 19542K, committed 20736K, reserved 1048576K
}
Event: 30.600 GC heap after
{Heap after GC invocations=55 (full 0):
 garbage-first heap   total 211968K, used 129456K [0x0000000080000000, 0x0000000100000000)
  region size 1024K, 6 young (6144K), 6 survivors (6144K)
 Metaspace       used 141959K, committed 144320K, reserved 1179648K
  class space    used 19542K, committed 20736K, reserved 1048576K
}
Event: 167.366 GC heap before
{Heap before GC invocations=56 (full 0):
 garbage-first heap   total 286720K, used 241072K [0x0000000080000000, 0x0000000100000000)
  region size 1024K, 65 young (66560K), 6 survivors (6144K)
 Metaspace       used 148339K, committed 150656K, reserved 1179648K
  class space    used 20148K, committed 21312K, reserved 1048576K
}
Event: 167.372 GC heap after
{Heap after GC invocations=57 (full 0):
 garbage-first heap   total 286720K, used 130375K [0x0000000080000000, 0x0000000100000000)
  region size 1024K, 6 young (6144K), 6 survivors (6144K)
 Metaspace       used 148339K, committed 150656K, reserved 1179648K
  class space    used 20148K, committed 21312K, reserved 1048576K
}
Event: 170.522 GC heap before
{Heap before GC invocations=57 (full 0):
 garbage-first heap   total 286720K, used 264519K [0x0000000080000000, 0x0000000100000000)
  region size 1024K, 138 young (141312K), 6 survivors (6144K)
 Metaspace       used 149119K, committed 151424K, reserved 1179648K
  class space    used 20162K, committed 21312K, reserved 1048576K
}
Event: 170.535 GC heap after
{Heap after GC invocations=58 (full 0):
 garbage-first heap   total 288768K, used 142635K [0x0000000080000000, 0x0000000100000000)
  region size 1024K, 18 young (18432K), 18 survivors (18432K)
 Metaspace       used 149119K, committed 151424K, reserved 1179648K
  class space    used 20162K, committed 21312K, reserved 1048576K
}
Event: 170.693 GC heap before
{Heap before GC invocations=58 (full 0):
 garbage-first heap   total 288768K, used 152875K [0x0000000080000000, 0x0000000100000000)
  region size 1024K, 30 young (30720K), 18 survivors (18432K)
 Metaspace       used 149370K, committed 151680K, reserved 1179648K
  class space    used 20162K, committed 21312K, reserved 1048576K
}
Event: 170.701 GC heap after
{Heap after GC invocations=59 (full 0):
 garbage-first heap   total 288768K, used 144384K [0x0000000080000000, 0x0000000100000000)
  region size 1024K, 2 young (2048K), 2 survivors (2048K)
 Metaspace       used 149370K, committed 151680K, reserved 1179648K
  class space    used 20162K, committed 21312K, reserved 1048576K
}
Event: 444.857 GC heap before
{Heap before GC invocations=60 (full 0):
 garbage-first heap   total 288768K, used 288768K [0x0000000080000000, 0x0000000100000000)
  region size 1024K, 92 young (94208K), 2 survivors (2048K)
 Metaspace       used 149750K, committed 152064K, reserved 1245184K
  class space    used 20164K, committed 21312K, reserved 1048576K
}
Event: 444.867 GC heap after
{Heap after GC invocations=61 (full 0):
 garbage-first heap   total 296960K, used 150528K [0x0000000080000000, 0x0000000100000000)
  region size 1024K, 8 young (8192K), 8 survivors (8192K)
 Metaspace       used 149750K, committed 152064K, reserved 1245184K
  class space    used 20164K, committed 21312K, reserved 1048576K
}
Event: 447.656 GC heap before
{Heap before GC invocations=61 (full 0):
 garbage-first heap   total 296960K, used 295936K [0x0000000080000000, 0x0000000100000000)
  region size 1024K, 100 young (102400K), 8 survivors (8192K)
 Metaspace       used 152927K, committed 155328K, reserved 1245184K
  class space    used 20509K, committed 21696K, reserved 1048576K
}
Event: 447.660 GC heap after
{Heap after GC invocations=62 (full 0):
 garbage-first heap   total 303104K, used 143446K [0x0000000080000000, 0x0000000100000000)
  region size 1024K, 2 young (2048K), 2 survivors (2048K)
 Metaspace       used 152927K, committed 155328K, reserved 1245184K
  class space    used 20509K, committed 21696K, reserved 1048576K
}

